-------------------------------------------------------------------------------
Test set: com.discovery.DiscoveryApplicationTests
-------------------------------------------------------------------------------
Tests run: 1, Failures: 0, Errors: 1, Skipped: 0, Time elapsed: 24.07 s <<< FAILURE! - in com.discovery.DiscoveryApplicationTests
contextLoads  Time elapsed: 0.001 s  <<< ERROR!
java.lang.IllegalStateException: Failed to load ApplicationContext
Caused by: org.springframework.beans.factory.UnsatisfiedDependencyException: Error creating bean with name 'org.springframework.cloud.client.serviceregistry.AutoServiceRegistrationAutoConfiguration': Unsatisfied dependency expressed through field 'autoServiceRegistration'; nested exception is org.springframework.beans.factory.UnsatisfiedDependencyException: Error creating bean with name 'consulAutoServiceRegistration' defined in class path resource [org/springframework/cloud/consul/serviceregistry/ConsulAutoServiceRegistrationAutoConfiguration.class]: Unsatisfied dependency expressed through method 'consulAutoServiceRegistration' parameter 3; nested exception is org.springframework.beans.factory.BeanCreationException: Error creating bean with name 'consulRegistration' defined in class path resource [org/springframework/cloud/consul/serviceregistry/ConsulAutoServiceRegistrationAutoConfiguration.class]: Bean instantiation via factory method failed; nested exception is org.springframework.beans.BeanInstantiationException: Failed to instantiate [org.springframework.cloud.consul.serviceregistry.ConsulAutoRegistration]: Factory method 'consulRegistration' threw exception; nested exception is java.lang.IllegalArgumentException: Consul service ids must not be empty, must start with a letter, end with a letter or digit, and have as interior characters only letters, digits, and hyphen: null
Caused by: org.springframework.beans.factory.UnsatisfiedDependencyException: Error creating bean with name 'consulAutoServiceRegistration' defined in class path resource [org/springframework/cloud/consul/serviceregistry/ConsulAutoServiceRegistrationAutoConfiguration.class]: Unsatisfied dependency expressed through method 'consulAutoServiceRegistration' parameter 3; nested exception is org.springframework.beans.factory.BeanCreationException: Error creating bean with name 'consulRegistration' defined in class path resource [org/springframework/cloud/consul/serviceregistry/ConsulAutoServiceRegistrationAutoConfiguration.class]: Bean instantiation via factory method failed; nested exception is org.springframework.beans.BeanInstantiationException: Failed to instantiate [org.springframework.cloud.consul.serviceregistry.ConsulAutoRegistration]: Factory method 'consulRegistration' threw exception; nested exception is java.lang.IllegalArgumentException: Consul service ids must not be empty, must start with a letter, end with a letter or digit, and have as interior characters only letters, digits, and hyphen: null
Caused by: org.springframework.beans.factory.BeanCreationException: Error creating bean with name 'consulRegistration' defined in class path resource [org/springframework/cloud/consul/serviceregistry/ConsulAutoServiceRegistrationAutoConfiguration.class]: Bean instantiation via factory method failed; nested exception is org.springframework.beans.BeanInstantiationException: Failed to instantiate [org.springframework.cloud.consul.serviceregistry.ConsulAutoRegistration]: Factory method 'consulRegistration' threw exception; nested exception is java.lang.IllegalArgumentException: Consul service ids must not be empty, must start with a letter, end with a letter or digit, and have as interior characters only letters, digits, and hyphen: null
Caused by: org.springframework.beans.BeanInstantiationException: Failed to instantiate [org.springframework.cloud.consul.serviceregistry.ConsulAutoRegistration]: Factory method 'consulRegistration' threw exception; nested exception is java.lang.IllegalArgumentException: Consul service ids must not be empty, must start with a letter, end with a letter or digit, and have as interior characters only letters, digits, and hyphen: null
Caused by: java.lang.IllegalArgumentException: Consul service ids must not be empty, must start with a letter, end with a letter or digit, and have as interior characters only letters, digits, and hyphen: null

